Passwords
01121975
01111991
01111982
01101983
01091991
01081981
01081975
01061981
01051991
01031994
01011958
watching
tryagain
theclash
terrence
terrance
stefania
southside
solnishko
smokedog
sk8ordie
shitfuck
Russian7
rsalinas
roserose
rootedit
reindeer
regional
rebbyt34
r4e3w2q1
qqqqqqqqqq
qazwsxedc1
premiere
optiplex
nokia5230
nickolas
mystical
monkeyma
momsanaladventure
MICHELLE
maryanne
marketing
marketin
marishka
mackenzi
laracroft
lagwagon
kevin123
Jessica1
ironhors
information
hotbabes
hornyguy
homeless
hogwarts
hernande
headless
Hd764nW5d7E1vb1
hamburger
grandpri
goodfell
golfclub
gobigred
fuckedup
everquest
evergree
ericeric
envision
eightbal
doggydog
dhjnvytyjub
detroit1
database
dangerou
computers
citibank
choppers
cannonda
callofduty
bullwink
brunette
bravehea
bookcase
blackcock
beepbeep
bassbass
armstrong
antigone
abstract
987654321q
369852147
31081994
31071981
31051984
31031981
30111984
30101989
30081991
30011976
29121993
29111980
29101993
29061992
29051982
29051980
29041991
29031995
28101987
28061992
28021993
27121987
27121984
27101993
27081983
27061992
27061986
27051982
27041982
27021983
26111979
26091980
26071993
26061988
26061984
26051982
26031981
25111979
25101992
25101984
25041982
25041981
25041977
25021993
25021982
25011992
24121983
24111980
24111979
24091979
24041982
24021981
24011979
23121992
23081982
23071987
23041981
23031993
23031978
22111978
22071993
22061980
22031994
22031988
21111991
21101978
21031994
20121983
20101981
20091995
20091992
20081992
20041993
20031976
20021994
19531953
19121994
19121993
19121991
19101977
19081989
19051991
19041991
19031993
19031992
19031988
19031984
19021989
18121991
18101979
18091992
18081980
18011982
17171717aa
17111990
17111983
17081994
16121977
16111993
16111980
16061982
16051996
16031984
15121991
15091984
15081979
15081978
15071993
15051979
15051978
15041978
15031981
147896321
14101981
14071981
14061995
14051989
14041983
14031972
14021979
14021978
13111981
13091991
13031993
13031982
13021983
12s3t4p55
123qweas
12121979
12111979
12081980
12071979
12061983
12021979
12011994
11121979
11121978
11071992
11071982
11071979
11061990
11061979
11051977
11021986
11021979
11011978
10111980
10091990
10091987
10091982
10081979
10071977
10061982
10051991
10041988
09121984
09111986
09111984
09101979
09091981
09061992
09061982
09031983
09021992
09021979
09011986
08101990
08101983
08091991
08091990
08081987
08031978
08011991
07121977
07111992
07071991
07061987
07051991
07031990
07021982
07021981
07011981
06091983
06091982
06081982
06081981
06071976
06061978
06031993
06031981
06021980
06021979
05121979
05111988
05111987
05101981
05081984
05031993
05031980
05011986
04121983
04041994
04041980
04031993
04031992
04031983
04031980
04021983
03121989
03111980
03051983
03021981
02121991
02111988
02101991
01121978
01071994
01021982
01021981
01021976
01011964
ZZ8807zpl
youandme
yfnfitymrf
woodside
volkodav
vfnbkmlf
triplets
timothy1
timelord
thriller
tenerife
techniques
takamine
sweetass
shotokan
sexsexse
SAMANTHA
rushrush
rocky123
qwerty78
pyramids
prelude1
potatoes
pornpass
phaedrus
peternorth
patrizia
password11
passwerd
panorama
nokia5130
nemesis1
natascha
music123
muffdive
motorcyc
misiaczek
MERCEDES
maximilian
marriott
madonna1
macintosh
kristen1
killzone
jakester
insertions
insertion
impalass
ijrjkflrf
helpless
hardwork
gulliver
grapeape
goodwill
ginscoot
ghjnjnbg
genocide
fynjybyf
flashman
feetfeet
facefuck
evanescence
ethernet
elvis123
dragon11
domestic
coolgirl
cocktail
chauncey
cezer121
caterina
carlotta
callahan
bruno123
bobmarle
bloopers
blackcoc
baywatch
asdfjkl;
archangel
anthony2
8PHroWZ622
78963214
69213124
67camaro
50505050
4rfv3edc
31101992
31081992
31081991
31071992
31071978
31011978
30121989
30121982
30111993
30091991
30091990
30081980
30071980
30051990
30031982
30011981
29111991
29091994
29091979
29081992
29081984
29081979
29071984
29051976
28101990
28101984
28101981
28091979
28081992
28081987
28041984
28021994
27121980
27101984
27101982
27101980
27091981
27091980
27061991
27061987
27041992
27041981
27021993
27021989
27021981
26101979
26081991
26061977
26021993
25051975
24111978
24071985
24061983
24051983
24041978
24021982
24011994
23121993
23121981
23101989
23101983
23071980
23061981
23021980
22121980
22111984
22101986
22081984
22061983
22051979
22021983
22011980
21121993
21091981
21071991
21071981
21071980
21061979
21041982
21041980
21021981
20111993
20111980
20101979
20091981
20091979
20081998
20071979
20051982
20021978
1hxboqg2
19111983
19071987
18121981
18111980
18071985
18061978
18031987
17111994
17101984
17081979
17071981
17061980
17041978
17031981
16121984
16121978
16091993
16081982
16071990
16071976
16051992
16021978
15111994
15091979
15081974
15061975
15021992
14531453
14121982
14101982
14091992
14081995
14071994
14071991
14071982
14061992
14061978
14041990
14041977
13091994
13091981
13081989
13071981
13031979
13021980
13011980
123masha
123hfjdk147
123456789k
123456789012
12111989
12101991
12091994
12061993
12011978
11121993
11101992
11051993
11041977
11011994
11011984
11011983
10111992
10101968
10081994
10021980
09121988
09101987
09061993
09061985
09051992
09051982
09051980
09041993
09031984
08101993
08101991
08071981
08061993
08061980
08051978
08041991
08021981
08011993
07071981
07051979
07041993
07041991
07031980
07011984
06121993
06101984
06051981
06051976
06041983
05121987
05071992
05061992
05021979
04051992
03111982
03101987
03071988
03041979
03041977
03031980
03021983
02111991
02021996
02021995
02011991
01230123
01121983
01101993
01061994
01061980
01031979
zxcvvcxz
yesterda
windows1
volkswagen
vaseline
uhbujhbq
tomservo
Thunder1
thesaint
ssssssssss
splatter
sonyvaio
soccer13
snowman1
snoopdogg
snakeman
saunders
russell1
robinhood
polaroid
pokemon123
p455w0rd
openopen
open1234
novifarm
newpass1
mysecret
montecarlo
momomomo
milhouse
mayfield
luv2epus
loveyou2
lexingky
lemmings
kennwort
jason123
iloveporn
hotchick
homer123
hilfiger
hennessy
heather2
hawkwind
happydog
gregory1
123
1234
431
4321
123123
wdfsdf
21342
qwe
rwetr
rty
uyti
iopi
[op
ljkhj
fghfgh
sdfsd
asda
zxc
vcvbcv
bnm
m,.,/
l;'
]p[]p
123123
1310200137Simon
1310200135
1310200137
1310200235
1310200237
1310200135Simon
1310200235Simon
1310200237Simon
345
4566
678
897
980
-=76
132124
54654756
4657987
465789
45231
897798
4657897
1231456
13245646
1323
12
123
132465
132246579
9746532
15975
357654
951723
456489
1589732
4654894
sadwadw